# JRE version: OpenJDK Runtime Environment (8.0_152-b06) (build 1.8.0_152-release-1136-b06)
# Java VM: OpenJDK 64-Bit Server VM (25.152-b06 mixed mode windows-amd64 compressed oops)
Heap:
 PSYoungGen      total 130560K, used 41477K [0x00000000e0000000, 0x00000000ea400000, 0x0000000100000000)
  eden space 112128K, 36% used [0x00000000e0000000,0x00000000e2881688,0x00000000e6d80000)
  from space 18432K, 0% used [0x00000000e6d80000,0x00000000e6d80000,0x00000000e7f80000)
  to   space 17920K, 0% used [0x00000000e9280000,0x00000000e9280000,0x00000000ea400000)
 ParOldGen       total 159232K, used 35874K [0x00000000a0000000, 0x00000000a9b80000, 0x00000000e0000000)
  object space 159232K, 22% used [0x00000000a0000000,0x00000000a2308858,0x00000000a9b80000)
 Metaspace       used 58612K, capacity 60558K, committed 60672K, reserved 1101824K
  class space    used 7916K, capacity 8394K, committed 8448K, reserved 1048576K
GC Heap History (10 events):
Event: 5.924 GC heap before
{Heap before GC invocations=12 (full 2):
 PSYoungGen      total 90112K, used 79360K [0x00000000e0000000, 0x00000000e7d80000, 0x0000000100000000)
  eden space 79360K, 100% used [0x00000000e0000000,0x00000000e4d80000,0x00000000e4d80000)
  from space 10752K, 0% used [0x00000000e4d80000,0x00000000e4d80000,0x00000000e5800000)
  to   space 10752K, 0% used [0x00000000e7300000,0x00000000e7300000,0x00000000e7d80000)
 ParOldGen       total 97792K, used 15652K [0x00000000a0000000, 0x00000000a5f80000, 0x00000000e0000000)
  object space 97792K, 16% used [0x00000000a0000000,0x00000000a0f49068,0x00000000a5f80000)
 Metaspace       used 39346K, capacity 40144K, committed 40448K, reserved 1083392K
  class space    used 5369K, capacity 5630K, committed 5632K, reserved 1048576K
Event: 5.931 GC heap after
Heap after GC invocations=12 (full 2):
 PSYoungGen      total 104960K, used 7903K [0x00000000e0000000, 0x00000000e7b00000, 0x0000000100000000)
  eden space 96768K, 0% used [0x00000000e0000000,0x00000000e0000000,0x00000000e5e80000)
  from space 8192K, 96% used [0x00000000e7300000,0x00000000e7ab7e78,0x00000000e7b00000)
  to   space 10752K, 0% used [0x00000000e6600000,0x00000000e6600000,0x00000000e7080000)
 ParOldGen       total 97792K, used 15660K [0x00000000a0000000, 0x00000000a5f80000, 0x00000000e0000000)
  object space 97792K, 16% used [0x00000000a0000000,0x00000000a0f4b068,0x00000000a5f80000)
 Metaspace       used 39346K, capacity 40144K, committed 40448K, reserved 1083392K
  class space    used 5369K, capacity 5630K, committed 5632K, reserved 1048576K
}
Event: 7.312 GC heap before
{Heap before GC invocations=13 (full 2):
 PSYoungGen      total 104960K, used 104671K [0x00000000e0000000, 0x00000000e7b00000, 0x0000000100000000)
  eden space 96768K, 100% used [0x00000000e0000000,0x00000000e5e80000,0x00000000e5e80000)
  from space 8192K, 96% used [0x00000000e7300000,0x00000000e7ab7e78,0x00000000e7b00000)
  to   space 10752K, 0% used [0x00000000e6600000,0x00000000e6600000,0x00000000e7080000)
 ParOldGen       total 97792K, used 15660K [0x00000000a0000000, 0x00000000a5f80000, 0x00000000e0000000)
  object space 97792K, 16% used [0x00000000a0000000,0x00000000a0f4b068,0x00000000a5f80000)
 Metaspace       used 47570K, capacity 48592K, committed 48768K, reserved 1091584K
  class space    used 6410K, capacity 6743K, committed 6784K, reserved 1048576K
Event: 7.322 GC heap after
Heap after GC invocations=13 (full 2):
 PSYoungGen      total 115200K, used 10749K [0x00000000e0000000, 0x00000000e8d00000, 0x0000000100000000)
  eden space 104448K, 0% used [0x00000000e0000000,0x00000000e0000000,0x00000000e6600000)
  from space 10752K, 99% used [0x00000000e6600000,0x00000000e707f5f0,0x00000000e7080000)
  to   space 13824K, 0% used [0x00000000e7f80000,0x00000000e7f80000,0x00000000e8d00000)
 ParOldGen       total 97792K, used 20991K [0x00000000a0000000, 0x00000000a5f80000, 0x00000000e0000000)
  object space 97792K, 21% used [0x00000000a0000000,0x00000000a147ff98,0x00000000a5f80000)
 Metaspace       used 47570K, capacity 48592K, committed 48768K, reserved 1091584K
  class space    used 6410K, capacity 6743K, committed 6784K, reserved 1048576K
}
Event: 8.992 GC heap before
{Heap before GC invocations=14 (full 2):
 PSYoungGen      total 115200K, used 115197K [0x00000000e0000000, 0x00000000e8d00000, 0x0000000100000000)
  eden space 104448K, 100% used [0x00000000e0000000,0x00000000e6600000,0x00000000e6600000)
  from space 10752K, 99% used [0x00000000e6600000,0x00000000e707f5f0,0x00000000e7080000)
  to   space 13824K, 0% used [0x00000000e7f80000,0x00000000e7f80000,0x00000000e8d00000)
 ParOldGen       total 97792K, used 20991K [0x00000000a0000000, 0x00000000a5f80000, 0x00000000e0000000)
  object space 97792K, 21% used [0x00000000a0000000,0x00000000a147ff98,0x00000000a5f80000)
 Metaspace       used 54761K, capacity 56472K, committed 56576K, reserved 1097728K
  class space    used 7468K, capacity 7887K, committed 7936K, reserved 1048576K
Event: 9.008 GC heap after
Heap after GC invocations=14 (full 2):
 PSYoungGen      total 125952K, used 13809K [0x00000000e0000000, 0x00000000e9f00000, 0x0000000100000000)
  eden space 112128K, 0% used [0x00000000e0000000,0x00000000e0000000,0x00000000e6d80000)
  from space 13824K, 99% used [0x00000000e7f80000,0x00000000e8cfc6f0,0x00000000e8d00000)
  to   space 18432K, 0% used [0x00000000e6d80000,0x00000000e6d80000,0x00000000e7f80000)
 ParOldGen       total 97792K, used 28759K [0x00000000a0000000, 0x00000000a5f80000, 0x00000000e0000000)
  object space 97792K, 29% used [0x00000000a0000000,0x00000000a1c15d38,0x00000000a5f80000)
 Metaspace       used 54761K, capacity 56472K, committed 56576K, reserved 1097728K
  class space    used 7468K, capacity 7887K, committed 7936K, reserved 1048576K
}
Event: 13.004 GC heap before
{Heap before GC invocations=15 (full 2):
 PSYoungGen      total 125952K, used 105907K [0x00000000e0000000, 0x00000000e9f00000, 0x0000000100000000)
  eden space 112128K, 82% used [0x00000000e0000000,0x00000000e59f05f0,0x00000000e6d80000)
  from space 13824K, 99% used [0x00000000e7f80000,0x00000000e8cfc6f0,0x00000000e8d00000)
  to   space 18432K, 0% used [0x00000000e6d80000,0x00000000e6d80000,0x00000000e7f80000)
 ParOldGen       total 97792K, used 28759K [0x00000000a0000000, 0x00000000a5f80000, 0x00000000e0000000)
  object space 97792K, 29% used [0x00000000a0000000,0x00000000a1c15d38,0x00000000a5f80000)
 Metaspace       used 57142K, capacity 58964K, committed 59028K, reserved 1099776K
  class space    used 7728K, capacity 8183K, committed 8192K, reserved 1048576K
Event: 13.018 GC heap after
Heap after GC invocations=15 (full 2):
 PSYoungGen      total 130560K, used 6418K [0x00000000e0000000, 0x00000000ea400000, 0x0000000100000000)
  eden space 112128K, 0% used [0x00000000e0000000,0x00000000e0000000,0x00000000e6d80000)
  from space 18432K, 34% used [0x00000000e6d80000,0x00000000e73c4858,0x00000000e7f80000)
  to   space 17920K, 0% used [0x00000000e9280000,0x00000000e9280000,0x00000000ea400000)
 ParOldGen       total 97792K, used 40017K [0x00000000a0000000, 0x00000000a5f80000, 0x00000000e0000000)
  object space 97792K, 40% used [0x00000000a0000000,0x00000000a2714610,0x00000000a5f80000)
 Metaspace       used 57142K, capacity 58964K, committed 59028K, reserved 1099776K
  class space    used 7728K, capacity 8183K, committed 8192K, reserved 1048576K
}
Event: 13.018 GC heap before
{Heap before GC invocations=16 (full 3):
 PSYoungGen      total 130560K, used 6418K [0x00000000e0000000, 0x00000000ea400000, 0x0000000100000000)
  eden space 112128K, 0% used [0x00000000e0000000,0x00000000e0000000,0x00000000e6d80000)
  from space 18432K, 34% used [0x00000000e6d80000,0x00000000e73c4858,0x00000000e7f80000)
  to   space 17920K, 0% used [0x00000000e9280000,0x00000000e9280000,0x00000000ea400000)
 ParOldGen       total 97792K, used 40017K [0x00000000a0000000, 0x00000000a5f80000, 0x00000000e0000000)
  object space 97792K, 40% used [0x00000000a0000000,0x00000000a2714610,0x00000000a5f80000)
 Metaspace       used 57142K, capacity 58964K, committed 59028K, reserved 1099776K
  class space    used 7728K, capacity 8183K, committed 8192K, reserved 1048576K
Event: 13.286 GC heap after
Heap after GC invocations=16 (full 3):
 PSYoungGen      total 130560K, used 0K [0x00000000e0000000, 0x00000000ea400000, 0x0000000100000000)
  eden space 112128K, 0% used [0x00000000e0000000,0x00000000e0000000,0x00000000e6d80000)
  from space 18432K, 0% used [0x00000000e6d80000,0x00000000e6d80000,0x00000000e7f80000)
  to   space 17920K, 0% used [0x00000000e9280000,0x00000000e9280000,0x00000000ea400000)
 ParOldGen       total 159232K, used 35874K [0x00000000a0000000, 0x00000000a9b80000, 0x00000000e0000000)
  object space 159232K, 22% used [0x00000000a0000000,0x00000000a2308858,0x00000000a9b80000)
 Metaspace       used 57142K, capacity 58964K, committed 59028K, reserved 1099776K
  class space    used 7728K, capacity 8183K, committed 8192K, reserved 1048576K
}

