# JRE version: OpenJDK Runtime Environment (8.0_152-b06) (build 1.8.0_152-release-1136-b06)
# Java VM: OpenJDK 64-Bit Server VM (25.152-b06 mixed mode windows-amd64 compressed oops)
Heap:
 PSYoungGen      total 171520K, used 157686K [0x00000000e0000000, 0x00000000ec580000, 0x0000000100000000)
  eden space 151040K, 93% used [0x00000000e0000000,0x00000000e8a30918,0x00000000e9380000)
  from space 20480K, 79% used [0x00000000e9380000,0x00000000ea34d118,0x00000000ea780000)
  to   space 21504K, 0% used [0x00000000eb080000,0x00000000eb080000,0x00000000ec580000)
 ParOldGen       total 159744K, used 38479K [0x00000000a0000000, 0x00000000a9c00000, 0x00000000e0000000)
  object space 159744K, 24% used [0x00000000a0000000,0x00000000a2593ed8,0x00000000a9c00000)
 Metaspace       used 70314K, capacity 73186K, committed 73344K, reserved 1112064K
  class space    used 9183K, capacity 9780K, committed 9856K, reserved 1048576K
GC Heap History (10 events):
Event: 9.440 GC heap before
{Heap before GC invocations=16 (full 3):
 PSYoungGen      total 137216K, used 8209K [0x00000000e0000000, 0x00000000eaf80000, 0x0000000100000000)
  eden space 118784K, 0% used [0x00000000e0000000,0x00000000e0000000,0x00000000e7400000)
  from space 18432K, 44% used [0x00000000e7400000,0x00000000e7c04538,0x00000000e8600000)
  to   space 17920K, 0% used [0x00000000e9e00000,0x00000000e9e00000,0x00000000eaf80000)
 ParOldGen       total 96768K, used 41164K [0x00000000a0000000, 0x00000000a5e80000, 0x00000000e0000000)
  object space 96768K, 42% used [0x00000000a0000000,0x00000000a2833080,0x00000000a5e80000)
 Metaspace       used 57241K, capacity 59006K, committed 59028K, reserved 1099776K
  class space    used 7760K, capacity 8180K, committed 8192K, reserved 1048576K
Event: 9.655 GC heap after
Heap after GC invocations=16 (full 3):
 PSYoungGen      total 137216K, used 0K [0x00000000e0000000, 0x00000000eaf80000, 0x0000000100000000)
  eden space 118784K, 0% used [0x00000000e0000000,0x00000000e0000000,0x00000000e7400000)
  from space 18432K, 0% used [0x00000000e7400000,0x00000000e7400000,0x00000000e8600000)
  to   space 17920K, 0% used [0x00000000e9e00000,0x00000000e9e00000,0x00000000eaf80000)
 ParOldGen       total 159744K, used 38447K [0x00000000a0000000, 0x00000000a9c00000, 0x00000000e0000000)
  object space 159744K, 24% used [0x00000000a0000000,0x00000000a258bed8,0x00000000a9c00000)
 Metaspace       used 57241K, capacity 59006K, committed 59028K, reserved 1099776K
  class space    used 7760K, capacity 8180K, committed 8192K, reserved 1048576K
}
Event: 10.867 GC heap before
{Heap before GC invocations=17 (full 3):
 PSYoungGen      total 137216K, used 118784K [0x00000000e0000000, 0x00000000eaf80000, 0x0000000100000000)
  eden space 118784K, 100% used [0x00000000e0000000,0x00000000e7400000,0x00000000e7400000)
  from space 18432K, 0% used [0x00000000e7400000,0x00000000e7400000,0x00000000e8600000)
  to   space 17920K, 0% used [0x00000000e9e00000,0x00000000e9e00000,0x00000000eaf80000)
 ParOldGen       total 159744K, used 38447K [0x00000000a0000000, 0x00000000a9c00000, 0x00000000e0000000)
  object space 159744K, 24% used [0x00000000a0000000,0x00000000a258bed8,0x00000000a9c00000)
 Metaspace       used 61268K, capacity 63462K, committed 63744K, reserved 1103872K
  class space    used 8316K, capacity 8838K, committed 8960K, reserved 1048576K
Event: 10.877 GC heap after
Heap after GC invocations=17 (full 3):
 PSYoungGen      total 147456K, used 9976K [0x00000000e0000000, 0x00000000ea800000, 0x0000000100000000)
  eden space 137216K, 0% used [0x00000000e0000000,0x00000000e0000000,0x00000000e8600000)
  from space 10240K, 97% used [0x00000000e9e00000,0x00000000ea7be328,0x00000000ea800000)
  to   space 17408K, 0% used [0x00000000e8600000,0x00000000e8600000,0x00000000e9700000)
 ParOldGen       total 159744K, used 38455K [0x00000000a0000000, 0x00000000a9c00000, 0x00000000e0000000)
  object space 159744K, 24% used [0x00000000a0000000,0x00000000a258ded8,0x00000000a9c00000)
 Metaspace       used 61268K, capacity 63462K, committed 63744K, reserved 1103872K
  class space    used 8316K, capacity 8838K, committed 8960K, reserved 1048576K
}
Event: 31.004 GC heap before
{Heap before GC invocations=18 (full 3):
 PSYoungGen      total 147456K, used 147192K [0x00000000e0000000, 0x00000000ea800000, 0x0000000100000000)
  eden space 137216K, 100% used [0x00000000e0000000,0x00000000e8600000,0x00000000e8600000)
  from space 10240K, 97% used [0x00000000e9e00000,0x00000000ea7be328,0x00000000ea800000)
  to   space 17408K, 0% used [0x00000000e8600000,0x00000000e8600000,0x00000000e9700000)
 ParOldGen       total 159744K, used 38455K [0x00000000a0000000, 0x00000000a9c00000, 0x00000000e0000000)
  object space 159744K, 24% used [0x00000000a0000000,0x00000000a258ded8,0x00000000a9c00000)
 Metaspace       used 67031K, capacity 69596K, committed 69760K, reserved 1110016K
  class space    used 8964K, capacity 9501K, committed 9600K, reserved 1048576K
Event: 31.019 GC heap after
Heap after GC invocations=18 (full 3):
 PSYoungGen      total 154624K, used 16850K [0x00000000e0000000, 0x00000000ebd00000, 0x0000000100000000)
  eden space 137216K, 0% used [0x00000000e0000000,0x00000000e0000000,0x00000000e8600000)
  from space 17408K, 96% used [0x00000000e8600000,0x00000000e9674b20,0x00000000e9700000)
  to   space 19456K, 0% used [0x00000000eaa00000,0x00000000eaa00000,0x00000000ebd00000)
 ParOldGen       total 159744K, used 38463K [0x00000000a0000000, 0x00000000a9c00000, 0x00000000e0000000)
  object space 159744K, 24% used [0x00000000a0000000,0x00000000a258fed8,0x00000000a9c00000)
 Metaspace       used 67031K, capacity 69596K, committed 69760K, reserved 1110016K
  class space    used 8964K, capacity 9501K, committed 9600K, reserved 1048576K
}
Event: 64.364 GC heap before
{Heap before GC invocations=19 (full 3):
 PSYoungGen      total 154624K, used 154066K [0x00000000e0000000, 0x00000000ebd00000, 0x0000000100000000)
  eden space 137216K, 100% used [0x00000000e0000000,0x00000000e8600000,0x00000000e8600000)
  from space 17408K, 96% used [0x00000000e8600000,0x00000000e9674b20,0x00000000e9700000)
  to   space 19456K, 0% used [0x00000000eaa00000,0x00000000eaa00000,0x00000000ebd00000)
 ParOldGen       total 159744K, used 38463K [0x00000000a0000000, 0x00000000a9c00000, 0x00000000e0000000)
  object space 159744K, 24% used [0x00000000a0000000,0x00000000a258fed8,0x00000000a9c00000)
 Metaspace       used 67858K, capacity 70510K, committed 70784K, reserved 1110016K
  class space    used 8982K, capacity 9534K, committed 9600K, reserved 1048576K
Event: 64.378 GC heap after
Heap after GC invocations=19 (full 3):
 PSYoungGen      total 168960K, used 14933K [0x00000000e0000000, 0x00000000ebb80000, 0x0000000100000000)
  eden space 151040K, 0% used [0x00000000e0000000,0x00000000e0000000,0x00000000e9380000)
  from space 17920K, 83% used [0x00000000eaa00000,0x00000000eb895650,0x00000000ebb80000)
  to   space 20480K, 0% used [0x00000000e9380000,0x00000000e9380000,0x00000000ea780000)
 ParOldGen       total 159744K, used 38471K [0x00000000a0000000, 0x00000000a9c00000, 0x00000000e0000000)
  object space 159744K, 24% used [0x00000000a0000000,0x00000000a2591ed8,0x00000000a9c00000)
 Metaspace       used 67858K, capacity 70510K, committed 70784K, reserved 1110016K
  class space    used 8982K, capacity 9534K, committed 9600K, reserved 1048576K
}
Event: 148.993 GC heap before
{Heap before GC invocations=20 (full 3):
 PSYoungGen      total 168960K, used 165973K [0x00000000e0000000, 0x00000000ebb80000, 0x0000000100000000)
  eden space 151040K, 100% used [0x00000000e0000000,0x00000000e9380000,0x00000000e9380000)
  from space 17920K, 83% used [0x00000000eaa00000,0x00000000eb895650,0x00000000ebb80000)
  to   space 20480K, 0% used [0x00000000e9380000,0x00000000e9380000,0x00000000ea780000)
 ParOldGen       total 159744K, used 38471K [0x00000000a0000000, 0x00000000a9c00000, 0x00000000e0000000)
  object space 159744K, 24% used [0x00000000a0000000,0x00000000a2591ed8,0x00000000a9c00000)
 Metaspace       used 69942K, capacity 72824K, committed 73088K, reserved 1112064K
  class space    used 9177K, capacity 9773K, committed 9856K, reserved 1048576K
Event: 149.002 GC heap after
Heap after GC invocations=20 (full 3):
 PSYoungGen      total 171520K, used 16180K [0x00000000e0000000, 0x00000000ec580000, 0x0000000100000000)
  eden space 151040K, 0% used [0x00000000e0000000,0x00000000e0000000,0x00000000e9380000)
  from space 20480K, 79% used [0x00000000e9380000,0x00000000ea34d118,0x00000000ea780000)
  to   space 21504K, 0% used [0x00000000eb080000,0x00000000eb080000,0x00000000ec580000)
 ParOldGen       total 159744K, used 38479K [0x00000000a0000000, 0x00000000a9c00000, 0x00000000e0000000)
  object space 159744K, 24% used [0x00000000a0000000,0x00000000a2593ed8,0x00000000a9c00000)
 Metaspace       used 69942K, capacity 72824K, committed 73088K, reserved 1112064K
  class space    used 9177K, capacity 9773K, committed 9856K, reserved 1048576K
}

