# JRE version: OpenJDK Runtime Environment (8.0_152-b06) (build 1.8.0_152-release-1136-b06)
# Java VM: OpenJDK 64-Bit Server VM (25.152-b06 mixed mode windows-amd64 compressed oops)
Heap:
 PSYoungGen      total 289792K, used 56862K [0x00000000e0000000, 0x00000000f6300000, 0x0000000100000000)
  eden space 248832K, 19% used [0x00000000e0000000,0x00000000e2e2fad8,0x00000000ef300000)
  from space 40960K, 23% used [0x00000000ef300000,0x00000000efc57f38,0x00000000f1b00000)
  to   space 39424K, 0% used [0x00000000f3c80000,0x00000000f3c80000,0x00000000f6300000)
 ParOldGen       total 184832K, used 65685K [0x00000000a0000000, 0x00000000ab480000, 0x00000000e0000000)
  object space 184832K, 35% used [0x00000000a0000000,0x00000000a40254d8,0x00000000ab480000)
 Metaspace       used 94886K, capacity 100824K, committed 101068K, reserved 1136640K
  class space    used 12026K, capacity 13214K, committed 13260K, reserved 1048576K
GC Heap History (10 events):
Event: 2849.177 GC heap before
{Heap before GC invocations=37 (full 3):
 PSYoungGen      total 227840K, used 188234K [0x00000000e0000000, 0x00000000f2980000, 0x0000000100000000)
  eden space 181760K, 97% used [0x00000000e0000000,0x00000000eac6eb48,0x00000000eb180000)
  from space 46080K, 25% used [0x00000000eb180000,0x00000000ebce4030,0x00000000ede80000)
  to   space 44032K, 0% used [0x00000000efe80000,0x00000000efe80000,0x00000000f2980000)
 ParOldGen       total 141824K, used 113728K [0x00000000a0000000, 0x00000000a8a80000, 0x00000000e0000000)
  object space 141824K, 80% used [0x00000000a0000000,0x00000000a6f10288,0x00000000a8a80000)
 Metaspace       used 92581K, capacity 98280K, committed 98380K, reserved 1134592K
  class space    used 11887K, capacity 13065K, committed 13132K, reserved 1048576K
Event: 2849.189 GC heap after
Heap after GC invocations=37 (full 3):
 PSYoungGen      total 254464K, used 6386K [0x00000000e0000000, 0x00000000f2600000, 0x0000000100000000)
  eden space 214016K, 0% used [0x00000000e0000000,0x00000000e0000000,0x00000000ed100000)
  from space 40448K, 15% used [0x00000000efe80000,0x00000000f04bcaa8,0x00000000f2600000)
  to   space 43520K, 0% used [0x00000000ed100000,0x00000000ed100000,0x00000000efb80000)
 ParOldGen       total 141824K, used 113960K [0x00000000a0000000, 0x00000000a8a80000, 0x00000000e0000000)
  object space 141824K, 80% used [0x00000000a0000000,0x00000000a6f4a298,0x00000000a8a80000)
 Metaspace       used 92581K, capacity 98280K, committed 98380K, reserved 1134592K
  class space    used 11887K, capacity 13065K, committed 13132K, reserved 1048576K
}
Event: 2849.189 GC heap before
{Heap before GC invocations=38 (full 4):
 PSYoungGen      total 254464K, used 6386K [0x00000000e0000000, 0x00000000f2600000, 0x0000000100000000)
  eden space 214016K, 0% used [0x00000000e0000000,0x00000000e0000000,0x00000000ed100000)
  from space 40448K, 15% used [0x00000000efe80000,0x00000000f04bcaa8,0x00000000f2600000)
  to   space 43520K, 0% used [0x00000000ed100000,0x00000000ed100000,0x00000000efb80000)
 ParOldGen       total 141824K, used 113960K [0x00000000a0000000, 0x00000000a8a80000, 0x00000000e0000000)
  object space 141824K, 80% used [0x00000000a0000000,0x00000000a6f4a298,0x00000000a8a80000)
 Metaspace       used 92581K, capacity 98280K, committed 98380K, reserved 1134592K
  class space    used 11887K, capacity 13065K, committed 13132K, reserved 1048576K
Event: 2849.495 GC heap after
Heap after GC invocations=38 (full 4):
 PSYoungGen      total 254464K, used 0K [0x00000000e0000000, 0x00000000f2600000, 0x0000000100000000)
  eden space 214016K, 0% used [0x00000000e0000000,0x00000000e0000000,0x00000000ed100000)
  from space 40448K, 0% used [0x00000000efe80000,0x00000000efe80000,0x00000000f2600000)
  to   space 43520K, 0% used [0x00000000ed100000,0x00000000ed100000,0x00000000efb80000)
 ParOldGen       total 184832K, used 54519K [0x00000000a0000000, 0x00000000ab480000, 0x00000000e0000000)
  object space 184832K, 29% used [0x00000000a0000000,0x00000000a353dc88,0x00000000ab480000)
 Metaspace       used 90491K, capacity 94488K, committed 98380K, reserved 1134592K
  class space    used 11380K, capacity 12228K, committed 13132K, reserved 1048576K
}
Event: 2855.021 GC heap before
{Heap before GC invocations=39 (full 4):
 PSYoungGen      total 254464K, used 214016K [0x00000000e0000000, 0x00000000f2600000, 0x0000000100000000)
  eden space 214016K, 100% used [0x00000000e0000000,0x00000000ed100000,0x00000000ed100000)
  from space 40448K, 0% used [0x00000000efe80000,0x00000000efe80000,0x00000000f2600000)
  to   space 43520K, 0% used [0x00000000ed100000,0x00000000ed100000,0x00000000efb80000)
 ParOldGen       total 184832K, used 54519K [0x00000000a0000000, 0x00000000ab480000, 0x00000000e0000000)
  object space 184832K, 29% used [0x00000000a0000000,0x00000000a353dc88,0x00000000ab480000)
 Metaspace       used 92273K, capacity 97326K, committed 98636K, reserved 1134592K
  class space    used 11720K, capacity 12741K, committed 13132K, reserved 1048576K
Event: 2855.044 GC heap after
Heap after GC invocations=39 (full 4):
 PSYoungGen      total 257536K, used 11830K [0x00000000e0000000, 0x00000000f4700000, 0x0000000100000000)
  eden space 214016K, 0% used [0x00000000e0000000,0x00000000e0000000,0x00000000ed100000)
  from space 43520K, 27% used [0x00000000ed100000,0x00000000edc8da78,0x00000000efb80000)
  to   space 41472K, 0% used [0x00000000f1e80000,0x00000000f1e80000,0x00000000f4700000)
 ParOldGen       total 184832K, used 54527K [0x00000000a0000000, 0x00000000ab480000, 0x00000000e0000000)
  object space 184832K, 29% used [0x00000000a0000000,0x00000000a353fc88,0x00000000ab480000)
 Metaspace       used 92273K, capacity 97326K, committed 98636K, reserved 1134592K
  class space    used 11720K, capacity 12741K, committed 13132K, reserved 1048576K
}
Event: 4634.801 GC heap before
{Heap before GC invocations=40 (full 4):
 PSYoungGen      total 257536K, used 225846K [0x00000000e0000000, 0x00000000f4700000, 0x0000000100000000)
  eden space 214016K, 100% used [0x00000000e0000000,0x00000000ed100000,0x00000000ed100000)
  from space 43520K, 27% used [0x00000000ed100000,0x00000000edc8da78,0x00000000efb80000)
  to   space 41472K, 0% used [0x00000000f1e80000,0x00000000f1e80000,0x00000000f4700000)
 ParOldGen       total 184832K, used 54527K [0x00000000a0000000, 0x00000000ab480000, 0x00000000e0000000)
  object space 184832K, 29% used [0x00000000a0000000,0x00000000a353fc88,0x00000000ab480000)
 Metaspace       used 93590K, capacity 99098K, committed 99532K, reserved 1136640K
  class space    used 11914K, capacity 13033K, committed 13260K, reserved 1048576K
Event: 4634.852 GC heap after
Heap after GC invocations=40 (full 4):
 PSYoungGen      total 286208K, used 5102K [0x00000000e0000000, 0x00000000f4300000, 0x0000000100000000)
  eden space 248832K, 0% used [0x00000000e0000000,0x00000000e0000000,0x00000000ef300000)
  from space 37376K, 13% used [0x00000000f1e80000,0x00000000f237bab8,0x00000000f4300000)
  to   space 40960K, 0% used [0x00000000ef300000,0x00000000ef300000,0x00000000f1b00000)
 ParOldGen       total 184832K, used 65069K [0x00000000a0000000, 0x00000000ab480000, 0x00000000e0000000)
  object space 184832K, 35% used [0x00000000a0000000,0x00000000a3f8b468,0x00000000ab480000)
 Metaspace       used 93590K, capacity 99098K, committed 99532K, reserved 1136640K
  class space    used 11914K, capacity 13033K, committed 13260K, reserved 1048576K
}
Event: 4685.145 GC heap before
{Heap before GC invocations=41 (full 4):
 PSYoungGen      total 286208K, used 252077K [0x00000000e0000000, 0x00000000f4300000, 0x0000000100000000)
  eden space 248832K, 99% used [0x00000000e0000000,0x00000000ef12fc00,0x00000000ef300000)
  from space 37376K, 13% used [0x00000000f1e80000,0x00000000f237bab8,0x00000000f4300000)
  to   space 40960K, 0% used [0x00000000ef300000,0x00000000ef300000,0x00000000f1b00000)
 ParOldGen       total 184832K, used 65069K [0x00000000a0000000, 0x00000000ab480000, 0x00000000e0000000)
  object space 184832K, 35% used [0x00000000a0000000,0x00000000a3f8b468,0x00000000ab480000)
 Metaspace       used 94831K, capacity 100820K, committed 101068K, reserved 1136640K
  class space    used 12026K, capacity 13214K, committed 13260K, reserved 1048576K
Event: 4685.157 GC heap after
Heap after GC invocations=41 (full 4):
 PSYoungGen      total 289792K, used 9567K [0x00000000e0000000, 0x00000000f6300000, 0x0000000100000000)
  eden space 248832K, 0% used [0x00000000e0000000,0x00000000e0000000,0x00000000ef300000)
  from space 40960K, 23% used [0x00000000ef300000,0x00000000efc57f38,0x00000000f1b00000)
  to   space 39424K, 0% used [0x00000000f3c80000,0x00000000f3c80000,0x00000000f6300000)
 ParOldGen       total 184832K, used 65685K [0x00000000a0000000, 0x00000000ab480000, 0x00000000e0000000)
  object space 184832K, 35% used [0x00000000a0000000,0x00000000a40254d8,0x00000000ab480000)
 Metaspace       used 94831K, capacity 100820K, committed 101068K, reserved 1136640K
  class space    used 12026K, capacity 13214K, committed 13260K, reserved 1048576K
}

