# JRE version: OpenJDK Runtime Environment (8.0_152-b06) (build 1.8.0_152-release-1136-b06)
# Java VM: OpenJDK 64-Bit Server VM (25.152-b06 mixed mode windows-amd64 compressed oops)
Heap:
 PSYoungGen      total 103936K, used 45493K [0x00000000e0000000, 0x00000000e7180000, 0x0000000100000000)
  eden space 92672K, 36% used [0x00000000e0000000,0x00000000e216e058,0x00000000e5a80000)
  from space 11264K, 99% used [0x00000000e5b80000,0x00000000e667f500,0x00000000e6680000)
  to   space 7680K, 0% used [0x00000000e6a00000,0x00000000e6a00000,0x00000000e7180000)
 ParOldGen       total 97792K, used 20383K [0x00000000a0000000, 0x00000000a5f80000, 0x00000000e0000000)
  object space 97792K, 20% used [0x00000000a0000000,0x00000000a13e7df0,0x00000000a5f80000)
 Metaspace       used 49810K, capacity 51100K, committed 51328K, reserved 1093632K
  class space    used 6684K, capacity 7039K, committed 7040K, reserved 1048576K
GC Heap History (10 events):
Event: 4.764 GC heap before
{Heap before GC invocations=9 (full 1):
 PSYoungGen      total 70656K, used 66813K [0x00000000e0000000, 0x00000000e5c80000, 0x0000000100000000)
  eden space 60416K, 100% used [0x00000000e0000000,0x00000000e3b00000,0x00000000e3b00000)
  from space 10240K, 62% used [0x00000000e3b00000,0x00000000e413f5d0,0x00000000e4500000)
  to   space 9728K, 0% used [0x00000000e5300000,0x00000000e5300000,0x00000000e5c80000)
 ParOldGen       total 62464K, used 8406K [0x00000000a0000000, 0x00000000a3d00000, 0x00000000e0000000)
  object space 62464K, 13% used [0x00000000a0000000,0x00000000a0835ac8,0x00000000a3d00000)
 Metaspace       used 30748K, capacity 31406K, committed 31744K, reserved 1077248K
  class space    used 4311K, capacity 4532K, committed 4608K, reserved 1048576K
Event: 4.772 GC heap after
Heap after GC invocations=9 (full 1):
 PSYoungGen      total 83968K, used 9350K [0x00000000e0000000, 0x00000000e6c80000, 0x0000000100000000)
  eden space 74240K, 0% used [0x00000000e0000000,0x00000000e0000000,0x00000000e4880000)
  from space 9728K, 96% used [0x00000000e5300000,0x00000000e5c218c8,0x00000000e5c80000)
  to   space 10752K, 0% used [0x00000000e4880000,0x00000000e4880000,0x00000000e5300000)
 ParOldGen       total 62464K, used 8414K [0x00000000a0000000, 0x00000000a3d00000, 0x00000000e0000000)
  object space 62464K, 13% used [0x00000000a0000000,0x00000000a0837ac8,0x00000000a3d00000)
 Metaspace       used 30748K, capacity 31406K, committed 31744K, reserved 1077248K
  class space    used 4311K, capacity 4532K, committed 4608K, reserved 1048576K
}
Event: 5.008 GC heap before
{Heap before GC invocations=10 (full 1):
 PSYoungGen      total 83968K, used 27492K [0x00000000e0000000, 0x00000000e6c80000, 0x0000000100000000)
  eden space 74240K, 24% used [0x00000000e0000000,0x00000000e11b79d8,0x00000000e4880000)
  from space 9728K, 96% used [0x00000000e5300000,0x00000000e5c218c8,0x00000000e5c80000)
  to   space 10752K, 0% used [0x00000000e4880000,0x00000000e4880000,0x00000000e5300000)
 ParOldGen       total 62464K, used 8414K [0x00000000a0000000, 0x00000000a3d00000, 0x00000000e0000000)
  object space 62464K, 13% used [0x00000000a0000000,0x00000000a0837ac8,0x00000000a3d00000)
 Metaspace       used 34581K, capacity 35246K, committed 35416K, reserved 1079296K
  class space    used 4798K, capacity 5025K, committed 5120K, reserved 1048576K
Event: 5.013 GC heap after
Heap after GC invocations=10 (full 1):
 PSYoungGen      total 84992K, used 9103K [0x00000000e0000000, 0x00000000e7500000, 0x0000000100000000)
  eden space 74240K, 0% used [0x00000000e0000000,0x00000000e0000000,0x00000000e4880000)
  from space 10752K, 84% used [0x00000000e4880000,0x00000000e5163f90,0x00000000e5300000)
  to   space 11264K, 0% used [0x00000000e6a00000,0x00000000e6a00000,0x00000000e7500000)
 ParOldGen       total 62464K, used 8422K [0x00000000a0000000, 0x00000000a3d00000, 0x00000000e0000000)
  object space 62464K, 13% used [0x00000000a0000000,0x00000000a0839ac8,0x00000000a3d00000)
 Metaspace       used 34581K, capacity 35246K, committed 35416K, reserved 1079296K
  class space    used 4798K, capacity 5025K, committed 5120K, reserved 1048576K
}
Event: 5.013 GC heap before
{Heap before GC invocations=11 (full 2):
 PSYoungGen      total 84992K, used 9103K [0x00000000e0000000, 0x00000000e7500000, 0x0000000100000000)
  eden space 74240K, 0% used [0x00000000e0000000,0x00000000e0000000,0x00000000e4880000)
  from space 10752K, 84% used [0x00000000e4880000,0x00000000e5163f90,0x00000000e5300000)
  to   space 11264K, 0% used [0x00000000e6a00000,0x00000000e6a00000,0x00000000e7500000)
 ParOldGen       total 62464K, used 8422K [0x00000000a0000000, 0x00000000a3d00000, 0x00000000e0000000)
  object space 62464K, 13% used [0x00000000a0000000,0x00000000a0839ac8,0x00000000a3d00000)
 Metaspace       used 34581K, capacity 35246K, committed 35416K, reserved 1079296K
  class space    used 4798K, capacity 5025K, committed 5120K, reserved 1048576K
Event: 5.065 GC heap after
Heap after GC invocations=11 (full 2):
 PSYoungGen      total 84992K, used 0K [0x00000000e0000000, 0x00000000e7500000, 0x0000000100000000)
  eden space 74240K, 0% used [0x00000000e0000000,0x00000000e0000000,0x00000000e4880000)
  from space 10752K, 0% used [0x00000000e4880000,0x00000000e4880000,0x00000000e5300000)
  to   space 11264K, 0% used [0x00000000e6a00000,0x00000000e6a00000,0x00000000e7500000)
 ParOldGen       total 97792K, used 15760K [0x00000000a0000000, 0x00000000a5f80000, 0x00000000e0000000)
  object space 97792K, 16% used [0x00000000a0000000,0x00000000a0f64038,0x00000000a5f80000)
 Metaspace       used 34581K, capacity 35246K, committed 35416K, reserved 1079296K
  class space    used 4798K, capacity 5025K, committed 5120K, reserved 1048576K
}
Event: 5.745 GC heap before
{Heap before GC invocations=12 (full 2):
 PSYoungGen      total 84992K, used 74240K [0x00000000e0000000, 0x00000000e7500000, 0x0000000100000000)
  eden space 74240K, 100% used [0x00000000e0000000,0x00000000e4880000,0x00000000e4880000)
  from space 10752K, 0% used [0x00000000e4880000,0x00000000e4880000,0x00000000e5300000)
  to   space 11264K, 0% used [0x00000000e6a00000,0x00000000e6a00000,0x00000000e7500000)
 ParOldGen       total 97792K, used 15760K [0x00000000a0000000, 0x00000000a5f80000, 0x00000000e0000000)
  object space 97792K, 16% used [0x00000000a0000000,0x00000000a0f64038,0x00000000a5f80000)
 Metaspace       used 38926K, capacity 39722K, committed 39936K, reserved 1083392K
  class space    used 5315K, capacity 5597K, committed 5632K, reserved 1048576K
Event: 5.754 GC heap after
Heap after GC invocations=12 (full 2):
 PSYoungGen      total 100352K, used 7446K [0x00000000e0000000, 0x00000000e7180000, 0x0000000100000000)
  eden space 92672K, 0% used [0x00000000e0000000,0x00000000e0000000,0x00000000e5a80000)
  from space 7680K, 96% used [0x00000000e6a00000,0x00000000e71459b8,0x00000000e7180000)
  to   space 11264K, 0% used [0x00000000e5b80000,0x00000000e5b80000,0x00000000e6680000)
 ParOldGen       total 97792K, used 15768K [0x00000000a0000000, 0x00000000a5f80000, 0x00000000e0000000)
  object space 97792K, 16% used [0x00000000a0000000,0x00000000a0f66038,0x00000000a5f80000)
 Metaspace       used 38926K, capacity 39722K, committed 39936K, reserved 1083392K
  class space    used 5315K, capacity 5597K, committed 5632K, reserved 1048576K
}
Event: 7.293 GC heap before
{Heap before GC invocations=13 (full 2):
 PSYoungGen      total 100352K, used 100118K [0x00000000e0000000, 0x00000000e7180000, 0x0000000100000000)
  eden space 92672K, 100% used [0x00000000e0000000,0x00000000e5a80000,0x00000000e5a80000)
  from space 7680K, 96% used [0x00000000e6a00000,0x00000000e71459b8,0x00000000e7180000)
  to   space 11264K, 0% used [0x00000000e5b80000,0x00000000e5b80000,0x00000000e6680000)
 ParOldGen       total 97792K, used 15768K [0x00000000a0000000, 0x00000000a5f80000, 0x00000000e0000000)
  object space 97792K, 16% used [0x00000000a0000000,0x00000000a0f66038,0x00000000a5f80000)
 Metaspace       used 47495K, capacity 48474K, committed 48768K, reserved 1091584K
  class space    used 6403K, capacity 6734K, committed 6784K, reserved 1048576K
Event: 7.303 GC heap after
Heap after GC invocations=13 (full 2):
 PSYoungGen      total 103936K, used 11261K [0x00000000e0000000, 0x00000000e7180000, 0x0000000100000000)
  eden space 92672K, 0% used [0x00000000e0000000,0x00000000e0000000,0x00000000e5a80000)
  from space 11264K, 99% used [0x00000000e5b80000,0x00000000e667f500,0x00000000e6680000)
  to   space 7680K, 0% used [0x00000000e6a00000,0x00000000e6a00000,0x00000000e7180000)
 ParOldGen       total 97792K, used 20383K [0x00000000a0000000, 0x00000000a5f80000, 0x00000000e0000000)
  object space 97792K, 20% used [0x00000000a0000000,0x00000000a13e7df0,0x00000000a5f80000)
 Metaspace       used 47495K, capacity 48474K, committed 48768K, reserved 1091584K
  class space    used 6403K, capacity 6734K, committed 6784K, reserved 1048576K
}

