# JRE version: OpenJDK Runtime Environment (8.0_152-b06) (build 1.8.0_152-release-1136-b06)
# Java VM: OpenJDK 64-Bit Server VM (25.152-b06 mixed mode windows-amd64 compressed oops)
Heap:
 PSYoungGen      total 138240K, used 22445K [0x00000000e0000000, 0x00000000ead00000, 0x0000000100000000)
  eden space 124416K, 7% used [0x00000000e0000000,0x00000000e08c5f48,0x00000000e7980000)
  from space 13824K, 97% used [0x00000000e9f80000,0x00000000eaca5640,0x00000000ead00000)
  to   space 21504K, 0% used [0x00000000e8300000,0x00000000e8300000,0x00000000e9800000)
 ParOldGen       total 158720K, used 55155K [0x00000000a0000000, 0x00000000a9b00000, 0x00000000e0000000)
  object space 158720K, 34% used [0x00000000a0000000,0x00000000a35dcd68,0x00000000a9b00000)
 Metaspace       used 69926K, capacity 72566K, committed 72832K, reserved 1112064K
  class space    used 9149K, capacity 9799K, committed 9856K, reserved 1048576K
GC Heap History (10 events):
Event: 7.520 GC heap before
{Heap before GC invocations=15 (full 3):
 PSYoungGen      total 129024K, used 14838K [0x00000000e0000000, 0x00000000e9d80000, 0x0000000100000000)
  eden space 114176K, 0% used [0x00000000e0000000,0x00000000e0000000,0x00000000e6f80000)
  from space 14848K, 99% used [0x00000000e8180000,0x00000000e8ffd938,0x00000000e9000000)
  to   space 18432K, 0% used [0x00000000e6f80000,0x00000000e6f80000,0x00000000e8180000)
 ParOldGen       total 102400K, used 27977K [0x00000000a0000000, 0x00000000a6400000, 0x00000000e0000000)
  object space 102400K, 27% used [0x00000000a0000000,0x00000000a1b52540,0x00000000a6400000)
 Metaspace       used 57151K, capacity 58912K, committed 59028K, reserved 1099776K
  class space    used 7714K, capacity 8172K, committed 8192K, reserved 1048576K
Event: 7.744 GC heap after
Heap after GC invocations=15 (full 3):
 PSYoungGen      total 129024K, used 0K [0x00000000e0000000, 0x00000000e9d80000, 0x0000000100000000)
  eden space 114176K, 0% used [0x00000000e0000000,0x00000000e0000000,0x00000000e6f80000)
  from space 14848K, 0% used [0x00000000e8180000,0x00000000e8180000,0x00000000e9000000)
  to   space 18432K, 0% used [0x00000000e6f80000,0x00000000e6f80000,0x00000000e8180000)
 ParOldGen       total 158720K, used 35755K [0x00000000a0000000, 0x00000000a9b00000, 0x00000000e0000000)
  object space 158720K, 22% used [0x00000000a0000000,0x00000000a22eae08,0x00000000a9b00000)
 Metaspace       used 57151K, capacity 58912K, committed 59028K, reserved 1099776K
  class space    used 7714K, capacity 8172K, committed 8192K, reserved 1048576K
}
Event: 8.371 GC heap before
{Heap before GC invocations=16 (full 3):
 PSYoungGen      total 129024K, used 114176K [0x00000000e0000000, 0x00000000e9d80000, 0x0000000100000000)
  eden space 114176K, 100% used [0x00000000e0000000,0x00000000e6f80000,0x00000000e6f80000)
  from space 14848K, 0% used [0x00000000e8180000,0x00000000e8180000,0x00000000e9000000)
  to   space 18432K, 0% used [0x00000000e6f80000,0x00000000e6f80000,0x00000000e8180000)
 ParOldGen       total 158720K, used 35755K [0x00000000a0000000, 0x00000000a9b00000, 0x00000000e0000000)
  object space 158720K, 22% used [0x00000000a0000000,0x00000000a22eae08,0x00000000a9b00000)
 Metaspace       used 58959K, capacity 60900K, committed 61056K, reserved 1101824K
  class space    used 7987K, capacity 8477K, committed 8576K, reserved 1048576K
Event: 8.379 GC heap after
Heap after GC invocations=16 (full 3):
 PSYoungGen      total 132608K, used 12557K [0x00000000e0000000, 0x00000000ea480000, 0x0000000100000000)
  eden space 114176K, 0% used [0x00000000e0000000,0x00000000e0000000,0x00000000e6f80000)
  from space 18432K, 68% used [0x00000000e6f80000,0x00000000e7bc3600,0x00000000e8180000)
  to   space 18944K, 0% used [0x00000000e9200000,0x00000000e9200000,0x00000000ea480000)
 ParOldGen       total 158720K, used 35763K [0x00000000a0000000, 0x00000000a9b00000, 0x00000000e0000000)
  object space 158720K, 22% used [0x00000000a0000000,0x00000000a22ece08,0x00000000a9b00000)
 Metaspace       used 58959K, capacity 60900K, committed 61056K, reserved 1101824K
  class space    used 7987K, capacity 8477K, committed 8576K, reserved 1048576K
}
Event: 10.019 GC heap before
{Heap before GC invocations=17 (full 3):
 PSYoungGen      total 132608K, used 126733K [0x00000000e0000000, 0x00000000ea480000, 0x0000000100000000)
  eden space 114176K, 100% used [0x00000000e0000000,0x00000000e6f80000,0x00000000e6f80000)
  from space 18432K, 68% used [0x00000000e6f80000,0x00000000e7bc3600,0x00000000e8180000)
  to   space 18944K, 0% used [0x00000000e9200000,0x00000000e9200000,0x00000000ea480000)
 ParOldGen       total 158720K, used 35763K [0x00000000a0000000, 0x00000000a9b00000, 0x00000000e0000000)
  object space 158720K, 22% used [0x00000000a0000000,0x00000000a22ece08,0x00000000a9b00000)
 Metaspace       used 63569K, capacity 65920K, committed 66176K, reserved 1105920K
  class space    used 8462K, capacity 9062K, committed 9088K, reserved 1048576K
Event: 10.037 GC heap after
Heap after GC invocations=17 (full 3):
 PSYoungGen      total 146432K, used 18943K [0x00000000e0000000, 0x00000000eaa00000, 0x0000000100000000)
  eden space 127488K, 0% used [0x00000000e0000000,0x00000000e0000000,0x00000000e7c80000)
  from space 18944K, 99% used [0x00000000e9200000,0x00000000ea47fd48,0x00000000ea480000)
  to   space 22016K, 0% used [0x00000000e7c80000,0x00000000e7c80000,0x00000000e9200000)
 ParOldGen       total 158720K, used 37332K [0x00000000a0000000, 0x00000000a9b00000, 0x00000000e0000000)
  object space 158720K, 23% used [0x00000000a0000000,0x00000000a2475340,0x00000000a9b00000)
 Metaspace       used 63569K, capacity 65920K, committed 66176K, reserved 1105920K
  class space    used 8462K, capacity 9062K, committed 9088K, reserved 1048576K
}
Event: 588.147 GC heap before
{Heap before GC invocations=18 (full 3):
 PSYoungGen      total 146432K, used 146431K [0x00000000e0000000, 0x00000000eaa00000, 0x0000000100000000)
  eden space 127488K, 100% used [0x00000000e0000000,0x00000000e7c80000,0x00000000e7c80000)
  from space 18944K, 99% used [0x00000000e9200000,0x00000000ea47fd48,0x00000000ea480000)
  to   space 22016K, 0% used [0x00000000e7c80000,0x00000000e7c80000,0x00000000e9200000)
 ParOldGen       total 158720K, used 37332K [0x00000000a0000000, 0x00000000a9b00000, 0x00000000e0000000)
  object space 158720K, 23% used [0x00000000a0000000,0x00000000a2475340,0x00000000a9b00000)
 Metaspace       used 66135K, capacity 68606K, committed 68864K, reserved 1107968K
  class space    used 8725K, capacity 9361K, committed 9472K, reserved 1048576K
Event: 588.165 GC heap after
Heap after GC invocations=18 (full 3):
 PSYoungGen      total 149504K, used 6668K [0x00000000e0000000, 0x00000000eb480000, 0x0000000100000000)
  eden space 127488K, 0% used [0x00000000e0000000,0x00000000e0000000,0x00000000e7c80000)
  from space 22016K, 30% used [0x00000000e7c80000,0x00000000e83030a0,0x00000000e9200000)
  to   space 21504K, 0% used [0x00000000e9f80000,0x00000000e9f80000,0x00000000eb480000)
 ParOldGen       total 158720K, used 55147K [0x00000000a0000000, 0x00000000a9b00000, 0x00000000e0000000)
  object space 158720K, 34% used [0x00000000a0000000,0x00000000a35dad68,0x00000000a9b00000)
 Metaspace       used 66135K, capacity 68606K, committed 68864K, reserved 1107968K
  class space    used 8725K, capacity 9361K, committed 9472K, reserved 1048576K
}
Event: 592.638 GC heap before
{Heap before GC invocations=19 (full 3):
 PSYoungGen      total 149504K, used 134156K [0x00000000e0000000, 0x00000000eb480000, 0x0000000100000000)
  eden space 127488K, 100% used [0x00000000e0000000,0x00000000e7c80000,0x00000000e7c80000)
  from space 22016K, 30% used [0x00000000e7c80000,0x00000000e83030a0,0x00000000e9200000)
  to   space 21504K, 0% used [0x00000000e9f80000,0x00000000e9f80000,0x00000000eb480000)
 ParOldGen       total 158720K, used 55147K [0x00000000a0000000, 0x00000000a9b00000, 0x00000000e0000000)
  object space 158720K, 34% used [0x00000000a0000000,0x00000000a35dad68,0x00000000a9b00000)
 Metaspace       used 69889K, capacity 72566K, committed 72832K, reserved 1112064K
  class space    used 9149K, capacity 9799K, committed 9856K, reserved 1048576K
Event: 592.650 GC heap after
Heap after GC invocations=19 (full 3):
 PSYoungGen      total 138240K, used 13461K [0x00000000e0000000, 0x00000000ead00000, 0x0000000100000000)
  eden space 124416K, 0% used [0x00000000e0000000,0x00000000e0000000,0x00000000e7980000)
  from space 13824K, 97% used [0x00000000e9f80000,0x00000000eaca5640,0x00000000ead00000)
  to   space 21504K, 0% used [0x00000000e8300000,0x00000000e8300000,0x00000000e9800000)
 ParOldGen       total 158720K, used 55155K [0x00000000a0000000, 0x00000000a9b00000, 0x00000000e0000000)
  object space 158720K, 34% used [0x00000000a0000000,0x00000000a35dcd68,0x00000000a9b00000)
 Metaspace       used 69889K, capacity 72566K, committed 72832K, reserved 1112064K
  class space    used 9149K, capacity 9799K, committed 9856K, reserved 1048576K
}

