# JRE version: OpenJDK Runtime Environment (8.0_152-b06) (build 1.8.0_152-release-1136-b06)
# Java VM: OpenJDK 64-Bit Server VM (25.152-b06 mixed mode windows-amd64 compressed oops)
Heap:
 PSYoungGen      total 114688K, used 50885K [0x00000000e0000000, 0x00000000e9400000, 0x0000000100000000)
  eden space 103424K, 38% used [0x00000000e0000000,0x00000000e26b1918,0x00000000e6500000)
  from space 11264K, 99% used [0x00000000e6500000,0x00000000e6fffe20,0x00000000e7000000)
  to   space 14336K, 0% used [0x00000000e8600000,0x00000000e8600000,0x00000000e9400000)
 ParOldGen       total 95744K, used 20625K [0x00000000a0000000, 0x00000000a5d80000, 0x00000000e0000000)
  object space 95744K, 21% used [0x00000000a0000000,0x00000000a1424500,0x00000000a5d80000)
 Metaspace       used 50903K, capacity 52318K, committed 52608K, reserved 1095680K
  class space    used 6874K, capacity 7212K, committed 7296K, reserved 1048576K
GC Heap History (10 events):
Event: 6.154 GC heap before
{Heap before GC invocations=9 (full 1):
 PSYoungGen      total 70656K, used 66384K [0x00000000e0000000, 0x00000000e6180000, 0x0000000100000000)
  eden space 60416K, 100% used [0x00000000e0000000,0x00000000e3b00000,0x00000000e3b00000)
  from space 10240K, 58% used [0x00000000e3b00000,0x00000000e40d4220,0x00000000e4500000)
  to   space 9728K, 0% used [0x00000000e5800000,0x00000000e5800000,0x00000000e6180000)
 ParOldGen       total 61952K, used 8577K [0x00000000a0000000, 0x00000000a3c80000, 0x00000000e0000000)
  object space 61952K, 13% used [0x00000000a0000000,0x00000000a0860680,0x00000000a3c80000)
 Metaspace       used 30869K, capacity 31458K, committed 31744K, reserved 1077248K
  class space    used 4320K, capacity 4542K, committed 4608K, reserved 1048576K
Event: 6.162 GC heap after
Heap after GC invocations=9 (full 1):
 PSYoungGen      total 89088K, used 9085K [0x00000000e0000000, 0x00000000e7100000, 0x0000000100000000)
  eden space 79360K, 0% used [0x00000000e0000000,0x00000000e0000000,0x00000000e4d80000)
  from space 9728K, 93% used [0x00000000e5800000,0x00000000e60df4b0,0x00000000e6180000)
  to   space 10752K, 0% used [0x00000000e4d80000,0x00000000e4d80000,0x00000000e5800000)
 ParOldGen       total 61952K, used 8585K [0x00000000a0000000, 0x00000000a3c80000, 0x00000000e0000000)
  object space 61952K, 13% used [0x00000000a0000000,0x00000000a0862680,0x00000000a3c80000)
 Metaspace       used 30869K, capacity 31458K, committed 31744K, reserved 1077248K
  class space    used 4320K, capacity 4542K, committed 4608K, reserved 1048576K
}
Event: 6.529 GC heap before
{Heap before GC invocations=10 (full 1):
 PSYoungGen      total 89088K, used 26916K [0x00000000e0000000, 0x00000000e7100000, 0x0000000100000000)
  eden space 79360K, 22% used [0x00000000e0000000,0x00000000e1169d18,0x00000000e4d80000)
  from space 9728K, 93% used [0x00000000e5800000,0x00000000e60df4b0,0x00000000e6180000)
  to   space 10752K, 0% used [0x00000000e4d80000,0x00000000e4d80000,0x00000000e5800000)
 ParOldGen       total 61952K, used 8585K [0x00000000a0000000, 0x00000000a3c80000, 0x00000000e0000000)
  object space 61952K, 13% used [0x00000000a0000000,0x00000000a0862680,0x00000000a3c80000)
 Metaspace       used 34673K, capacity 35290K, committed 35416K, reserved 1079296K
  class space    used 4788K, capacity 5013K, committed 5120K, reserved 1048576K
Event: 6.535 GC heap after
Heap after GC invocations=10 (full 1):
 PSYoungGen      total 90112K, used 8535K [0x00000000e0000000, 0x00000000e7e00000, 0x0000000100000000)
  eden space 79360K, 0% used [0x00000000e0000000,0x00000000e0000000,0x00000000e4d80000)
  from space 10752K, 79% used [0x00000000e4d80000,0x00000000e55d5cf8,0x00000000e5800000)
  to   space 11264K, 0% used [0x00000000e7300000,0x00000000e7300000,0x00000000e7e00000)
 ParOldGen       total 61952K, used 8593K [0x00000000a0000000, 0x00000000a3c80000, 0x00000000e0000000)
  object space 61952K, 13% used [0x00000000a0000000,0x00000000a0864680,0x00000000a3c80000)
 Metaspace       used 34673K, capacity 35290K, committed 35416K, reserved 1079296K
  class space    used 4788K, capacity 5013K, committed 5120K, reserved 1048576K
}
Event: 6.536 GC heap before
{Heap before GC invocations=11 (full 2):
 PSYoungGen      total 90112K, used 8535K [0x00000000e0000000, 0x00000000e7e00000, 0x0000000100000000)
  eden space 79360K, 0% used [0x00000000e0000000,0x00000000e0000000,0x00000000e4d80000)
  from space 10752K, 79% used [0x00000000e4d80000,0x00000000e55d5cf8,0x00000000e5800000)
  to   space 11264K, 0% used [0x00000000e7300000,0x00000000e7300000,0x00000000e7e00000)
 ParOldGen       total 61952K, used 8593K [0x00000000a0000000, 0x00000000a3c80000, 0x00000000e0000000)
  object space 61952K, 13% used [0x00000000a0000000,0x00000000a0864680,0x00000000a3c80000)
 Metaspace       used 34673K, capacity 35290K, committed 35416K, reserved 1079296K
  class space    used 4788K, capacity 5013K, committed 5120K, reserved 1048576K
Event: 6.602 GC heap after
Heap after GC invocations=11 (full 2):
 PSYoungGen      total 90112K, used 0K [0x00000000e0000000, 0x00000000e7e00000, 0x0000000100000000)
  eden space 79360K, 0% used [0x00000000e0000000,0x00000000e0000000,0x00000000e4d80000)
  from space 10752K, 0% used [0x00000000e4d80000,0x00000000e4d80000,0x00000000e5800000)
  to   space 11264K, 0% used [0x00000000e7300000,0x00000000e7300000,0x00000000e7e00000)
 ParOldGen       total 95744K, used 15520K [0x00000000a0000000, 0x00000000a5d80000, 0x00000000e0000000)
  object space 95744K, 16% used [0x00000000a0000000,0x00000000a0f28010,0x00000000a5d80000)
 Metaspace       used 34673K, capacity 35290K, committed 35416K, reserved 1079296K
  class space    used 4788K, capacity 5013K, committed 5120K, reserved 1048576K
}
Event: 7.589 GC heap before
{Heap before GC invocations=12 (full 2):
 PSYoungGen      total 90112K, used 79360K [0x00000000e0000000, 0x00000000e7e00000, 0x0000000100000000)
  eden space 79360K, 100% used [0x00000000e0000000,0x00000000e4d80000,0x00000000e4d80000)
  from space 10752K, 0% used [0x00000000e4d80000,0x00000000e4d80000,0x00000000e5800000)
  to   space 11264K, 0% used [0x00000000e7300000,0x00000000e7300000,0x00000000e7e00000)
 ParOldGen       total 95744K, used 15520K [0x00000000a0000000, 0x00000000a5d80000, 0x00000000e0000000)
  object space 95744K, 16% used [0x00000000a0000000,0x00000000a0f28010,0x00000000a5d80000)
 Metaspace       used 39029K, capacity 39716K, committed 39936K, reserved 1083392K
  class space    used 5321K, capacity 5544K, committed 5632K, reserved 1048576K
Event: 7.596 GC heap after
Heap after GC invocations=12 (full 2):
 PSYoungGen      total 107520K, used 7841K [0x00000000e0000000, 0x00000000e7b00000, 0x0000000100000000)
  eden space 99328K, 0% used [0x00000000e0000000,0x00000000e0000000,0x00000000e6100000)
  from space 8192K, 95% used [0x00000000e7300000,0x00000000e7aa87d0,0x00000000e7b00000)
  to   space 11264K, 0% used [0x00000000e6500000,0x00000000e6500000,0x00000000e7000000)
 ParOldGen       total 95744K, used 15528K [0x00000000a0000000, 0x00000000a5d80000, 0x00000000e0000000)
  object space 95744K, 16% used [0x00000000a0000000,0x00000000a0f2a010,0x00000000a5d80000)
 Metaspace       used 39029K, capacity 39716K, committed 39936K, reserved 1083392K
  class space    used 5321K, capacity 5544K, committed 5632K, reserved 1048576K
}
Event: 9.190 GC heap before
{Heap before GC invocations=13 (full 2):
 PSYoungGen      total 107520K, used 107169K [0x00000000e0000000, 0x00000000e7b00000, 0x0000000100000000)
  eden space 99328K, 100% used [0x00000000e0000000,0x00000000e6100000,0x00000000e6100000)
  from space 8192K, 95% used [0x00000000e7300000,0x00000000e7aa87d0,0x00000000e7b00000)
  to   space 11264K, 0% used [0x00000000e6500000,0x00000000e6500000,0x00000000e7000000)
 ParOldGen       total 95744K, used 15528K [0x00000000a0000000, 0x00000000a5d80000, 0x00000000e0000000)
  object space 95744K, 16% used [0x00000000a0000000,0x00000000a0f2a010,0x00000000a5d80000)
 Metaspace       used 47231K, capacity 48228K, committed 48512K, reserved 1091584K
  class space    used 6358K, capacity 6657K, committed 6784K, reserved 1048576K
Event: 9.202 GC heap after
Heap after GC invocations=13 (full 2):
 PSYoungGen      total 114688K, used 11263K [0x00000000e0000000, 0x00000000e9400000, 0x0000000100000000)
  eden space 103424K, 0% used [0x00000000e0000000,0x00000000e0000000,0x00000000e6500000)
  from space 11264K, 99% used [0x00000000e6500000,0x00000000e6fffe20,0x00000000e7000000)
  to   space 14336K, 0% used [0x00000000e8600000,0x00000000e8600000,0x00000000e9400000)
 ParOldGen       total 95744K, used 20625K [0x00000000a0000000, 0x00000000a5d80000, 0x00000000e0000000)
  object space 95744K, 21% used [0x00000000a0000000,0x00000000a1424500,0x00000000a5d80000)
 Metaspace       used 47231K, capacity 48228K, committed 48512K, reserved 1091584K
  class space    used 6358K, capacity 6657K, committed 6784K, reserved 1048576K
}

